{"name": "Если кликнуть на ингредиент, появится всплывающее окно с деталями", "status": "broken", "statusDetails": {"message": "selenium.common.exceptions.TimeoutException: Message: \nStacktrace:\nRemoteError@chrome://remote/content/shared/RemoteError.sys.mjs:8:8\nWebDriverError@chrome://remote/content/shared/webdriver/Errors.sys.mjs:193:5\nNoSuchElementError@chrome://remote/content/shared/webdriver/Errors.sys.mjs:511:5\ndom.find/</<@chrome://remote/content/shared/DOM.sys.mjs:136:16", "trace": "self = <tests.test_main_features.TestMainFeatures object at 0x10506ec00>, get_driver = <selenium.webdriver.firefox.webdriver.WebDriver (session=\"16dfd4c6-0a83-4c58-b9be-1fb5cdadd0b0\")>\n\n    @allure.title('Если кликнуть на ингредиент, появится всплывающее окно с деталями')\n    def test_get_ingredient_details(self, get_driver):\n        constructor_page = MainPage(get_driver)\n        constructor_page.click_ingredient()\n>       assert constructor_page.find_element(ConstructorLocators.INGREDIENT_DETAILS_TITLE).is_displayed()\n\ntests/test_main_features.py:31: \n_ _ _ _ _ _ _ _ _ _ _ _ _ _ _ _ _ _ _ _ _ _ _ _ _ _ _ _ _ _ _ _ _ _ _ _ _ _ _ _ _ _ _ _ _ _ _ _ _ _ _ _ _ _ _ _ _ _ _ _ _ _ _ _ _ _ _ _ _ _ _ _ _ _ _ _ _ _ _ _ _ _ _ _ _ _ _ _ _ _ _ _ _\npages/base_page.py:16: in find_element\n    return self.wait.until(expected.visibility_of_element_located(locator))\n_ _ _ _ _ _ _ _ _ _ _ _ _ _ _ _ _ _ _ _ _ _ _ _ _ _ _ _ _ _ _ _ _ _ _ _ _ _ _ _ _ _ _ _ _ _ _ _ _ _ _ _ _ _ _ _ _ _ _ _ _ _ _ _ _ _ _ _ _ _ _ _ _ _ _ _ _ _ _ _ _ _ _ _ _ _ _ _ _ _ _ _ _\n\nself = <selenium.webdriver.support.wait.WebDriverWait (session=\"16dfd4c6-0a83-4c58-b9be-1fb5cdadd0b0\")>\nmethod = <function visibility_of_element_located.<locals>._predicate at 0x1050fba60>, message = ''\n\n    def until(self, method: Callable[[D], Union[Literal[False], T]], message: str = \"\") -> T:\n        \"\"\"Calls the method provided with the driver as an argument until the \\\n        return value does not evaluate to ``False``.\n    \n        :param method: callable(WebDriver)\n        :param message: optional message for :exc:`TimeoutException`\n        :returns: the result of the last call to `method`\n        :raises: :exc:`selenium.common.exceptions.TimeoutException` if timeout occurs\n        \"\"\"\n        screen = None\n        stacktrace = None\n    \n        end_time = time.monotonic() + self._timeout\n        while True:\n            try:\n                value = method(self._driver)\n                if value:\n                    return value\n            except self._ignored_exceptions as exc:\n                screen = getattr(exc, \"screen\", None)\n                stacktrace = getattr(exc, \"stacktrace\", None)\n            time.sleep(self._poll)\n            if time.monotonic() > end_time:\n                break\n>       raise TimeoutException(message, screen, stacktrace)\nE       selenium.common.exceptions.TimeoutException: Message: \nE       Stacktrace:\nE       RemoteError@chrome://remote/content/shared/RemoteError.sys.mjs:8:8\nE       WebDriverError@chrome://remote/content/shared/webdriver/Errors.sys.mjs:193:5\nE       NoSuchElementError@chrome://remote/content/shared/webdriver/Errors.sys.mjs:511:5\nE       dom.find/</<@chrome://remote/content/shared/DOM.sys.mjs:136:16\n\n.venv/lib/python3.12/site-packages/selenium/webdriver/support/wait.py:105: TimeoutException"}, "steps": [{"name": "Клик на ингредиент", "status": "passed", "steps": [{"name": "Переместиться до элемента и нажать его", "status": "passed", "steps": [{"name": "Найти элемент", "status": "passed", "parameters": [{"name": "locator", "value": "('xpath', '//*[@href=\"/ingredient/61c0c5a71d1f82001bdaaa6c\"]')"}], "start": 1719241038906, "stop": 1719241038929}], "parameters": [{"name": "locator", "value": "('xpath', '//*[@href=\"/ingredient/61c0c5a71d1f82001bdaaa6c\"]')"}], "start": 1719241038906, "stop": 1719241039193}], "start": 1719241038906, "stop": 1719241039193}, {"name": "Найти элемент", "status": "broken", "statusDetails": {"message": "selenium.common.exceptions.TimeoutException: Message: \nStacktrace:\nRemoteError@chrome://remote/content/shared/RemoteError.sys.mjs:8:8\nWebDriverError@chrome://remote/content/shared/webdriver/Errors.sys.mjs:193:5\nNoSuchElementError@chrome://remote/content/shared/webdriver/Errors.sys.mjs:511:5\ndom.find/</<@chrome://remote/content/shared/DOM.sys.mjs:136:16\n\n", "trace": "  File \"/Users/bobandmermaid/Desktop/Diplom/Diplom_3/.venv/lib/python3.12/site-packages/allure_commons/_allure.py\", line 192, in impl\n    return func(*a, **kw)\n           ^^^^^^^^^^^^^^\n  File \"/Users/bobandmermaid/Desktop/Diplom/Diplom_3/pages/base_page.py\", line 16, in find_element\n    return self.wait.until(expected.visibility_of_element_located(locator))\n           ^^^^^^^^^^^^^^^^^^^^^^^^^^^^^^^^^^^^^^^^^^^^^^^^^^^^^^^^^^^^^^^^\n  File \"/Users/bobandmermaid/Desktop/Diplom/Diplom_3/.venv/lib/python3.12/site-packages/selenium/webdriver/support/wait.py\", line 105, in until\n    raise TimeoutException(message, screen, stacktrace)\n"}, "parameters": [{"name": "locator", "value": "('xpath', '//h2[text()=\"Детали ингредиента\"]')"}], "start": 1719241039193, "stop": 1719241049539}], "parameters": [{"name": "get_driver", "value": "'firefox'"}], "start": 1719241038905, "stop": 1719241049542, "uuid": "9cd02152-8c8b-4e9e-af06-0f4cca0dcb64", "historyId": "c924b1088e768cf58ad4c97dd990053d", "testCaseId": "0cb8757b58ac0a9b4f13fb31d063cb1d", "fullName": "tests.test_main_features.TestMainFeatures#test_get_ingredient_details", "labels": [{"name": "story", "value": "Проверка основного функционала"}, {"name": "parentSuite", "value": "tests"}, {"name": "suite", "value": "test_main_features"}, {"name": "subSuite", "value": "TestMainFeatures"}, {"name": "host", "value": "192.168.1.6"}, {"name": "thread", "value": "91285-MainThread"}, {"name": "framework", "value": "pytest"}, {"name": "language", "value": "cpython3"}, {"name": "package", "value": "tests.test_main_features"}]}